<?xml version="1.0" encoding="UTF-8"?>
<testsuite name="runner.TestRunner" time="0.006" tests="14" errors="0" skipped="0" failures="0">
  <properties>
[...]
</properties>
  <testcase name="Дано открыт браузер и осуществлен переход по ссылке" classname="Сценарий: аутентификация с валидными данными" time="0.002"/>
  <testcase name="И открывается страница с формой &quot;Вход в систему&quot;" classname="Сценарий: аутентификация с валидными данными" time="0.001"/>
  <testcase name="Когда пользователь заполняет поле &quot;Имя пользователя&quot; значением &quot;sua_all&quot;" classname="Сценарий: аутентификация с валидными данными" time="0"/>
  <testcase name="И пользователь вводит в поле &quot;Пароль&quot; значение &quot;Q1w2e3r4&quot;" classname="Сценарий: аутентификация с валидными данными" time="0"/>
  <testcase name="И пользователь нажимает кнопку &quot;Войти&quot;" classname="Сценарий: аутентификация с валидными данными" time="0.001"/>
  <testcase name="Тогда открывается модальное окно &quot;Выбор финансовой организации&quot;" classname="Сценарий: аутентификация с валидными данными" time="0"/>
  <testcase name="Тогда пользователь выбирает финансовую организацию &quot;10&quot; типа КО" classname="Сценарий: аутентификация с валидными данными" time="0.001"/>
  <testcase name="И пользователь нажимает кнопку &quot;Выбрать&quot;" classname="Сценарий: аутентификация с валидными данными" time="0.001"/>
  <testcase name="Тогда открывается окно с логотипом &quot;Агентство по страхованию вкладов&quot;" classname="Сценарий: аутентификация с валидными данными" time="0"/>
  <testcase name="Тогда открывается страница с финансовой организацией &quot;10&quot;" classname="Сценарий: аутентификация с валидными данными" time="0"/>
  <testcase name="И пользователь нажимает кнопку &quot;Права  Все&quot;" classname="Сценарий: аутентификация с валидными данными" time="0"/>
  <testcase name="И пользователь нажимает кнопку &quot;Выход&quot; в контекстном меню" classname="Сценарий: аутентификация с валидными данными" time="0"/>
  <testcase name="И браузер закрыт" classname="Сценарий: аутентификация с валидными данными" time="0"/>
  <testcase name="Сценарий: аутентификация с валидными данными" classname="Сценарий: аутентификация с валидными данными" time="0"/>
</testsuite>